<?xml version="1.0" encoding="UTF-8"?>
<testng-results ignored="0" total="1" passed="1" failed="0" skipped="0">
  <reporter-output>
  </reporter-output>
  <suite started-at="2020-08-20T21:04:17 CDT" name="Default suite" finished-at="2020-08-20T21:04:34 CDT" duration-ms="16393">
    <groups>
    </groups>
    <test started-at="2020-08-20T21:04:17 CDT" name="Default test" finished-at="2020-08-20T21:04:34 CDT" duration-ms="16393">
      <class name="com.training.sanity.tests.DeleteProduct">
        <test-method is-config="true" signature="setUpBeforeClass()[pri:0, instance:com.training.sanity.tests.DeleteProduct@47542153]" started-at="2020-08-20T21:04:17 CDT" name="setUpBeforeClass" finished-at="2020-08-20T21:04:17 CDT" duration-ms="11" status="PASS">
          <reporter-output>
          </reporter-output>
        </test-method> <!-- setUpBeforeClass -->
        <test-method is-config="true" signature="setUp()[pri:0, instance:com.training.sanity.tests.DeleteProduct@47542153]" started-at="2020-08-20T21:04:17 CDT" name="setUp" finished-at="2020-08-20T21:04:26 CDT" duration-ms="8417" status="PASS">
          <reporter-output>
          </reporter-output>
        </test-method> <!-- setUp -->
        <test-method signature="deleteCatagory()[pri:0, instance:com.training.sanity.tests.DeleteProduct@47542153]" started-at="2020-08-20T21:04:26 CDT" name="deleteCatagory" finished-at="2020-08-20T21:04:31 CDT" duration-ms="5161" status="PASS">
          <reporter-output>
          </reporter-output>
        </test-method> <!-- deleteCatagory -->
        <test-method is-config="true" signature="tearDown()[pri:0, instance:com.training.sanity.tests.DeleteProduct@47542153]" started-at="2020-08-20T21:04:31 CDT" name="tearDown" finished-at="2020-08-20T21:04:34 CDT" duration-ms="2747" status="PASS">
          <reporter-output>
          </reporter-output>
        </test-method> <!-- tearDown -->
      </class> <!-- com.training.sanity.tests.DeleteProduct -->
    </test> <!-- Default test -->
  </suite> <!-- Default suite -->
</testng-results>
