<?xml version="1.0" encoding="UTF-8"?>
<!-- Generated by org.testng.reporters.JUnitXMLReporter -->
<testsuite ignored="0" hostname="LAPTOP-PTGAIKU9" failures="0" tests="4" name="Default test" time="31.2" errors="0" timestamp="2020-09-02T15:07:29 CDT">
  <testcase classname="com.training.complex.level.tests.addCategoryAndProducts" name="addcategoryAndProducts" time="5.831"/>
  <testcase classname="com.training.complex.level.tests.addCategoryAndProducts" name="addcategoryAndProducts" time="4.54"/>
  <testcase classname="com.training.complex.level.tests.addCategoryAndProducts" name="addcategoryAndProducts" time="5.12"/>
  <testcase classname="com.training.complex.level.tests.addCategoryAndProducts" name="addcategoryAndProducts" time="4.404"/>
</testsuite> <!-- Default test -->
